<?xml version="1.0" encoding="UTF-8"?>
<!-- Generated by org.testng.reporters.JUnitReportReporter -->
<testsuite skipped="0" hostname="HRBâ€™s MacBook Air" name="com.demo.tests.HomePageTests" tests="1" failures="0" timestamp="27 Oct 2021 14:36:56 GMT" time="9.990" errors="0">
  <testcase name="test3" time="9.990" classname="com.demo.tests.HomePageTests"/>
</testsuite> <!-- com.demo.tests.HomePageTests -->
