<?xml version="1.0" encoding="UTF-8"?>
<!-- Generated by org.testng.reporters.JUnitReportReporter -->
<testsuite skipped="0" hostname="HRBâ€™s MacBook Air" name="com.demo.tests.LoginPageTest" tests="2" failures="0" timestamp="26 Oct 2021 09:16:40 GMT" time="16.681" errors="0">
  <testcase name="test" time="9.780" classname="com.demo.tests.LoginPageTest"/>
  <testcase name="test2" time="6.901" classname="com.demo.tests.LoginPageTest"/>
</testsuite> <!-- com.demo.tests.LoginPageTest -->
